<?xml version="1.0" encoding="UTF-8"?>
<!-- Generated by org.testng.reporters.JUnitReportReporter -->
<testsuite hostname="CS-VIBHGUPT-LT" name="step_definitions.AddMasterAccount" tests="1" failures="0" timestamp="14 Dec 2017 07:57:58 GMT" time="0.000" errors="1">
  <testcase name="i_check_the_record_AccountId_as_AccountName_as_is_present_already_or_not" time="0.000" classname="step_definitions.AddMasterAccount">
    <error type="org.testng.TestNGException" message="
Method i_check_the_record_AccountId_as_AccountName_as_is_present_already_or_not requires 2 parameters but 0 were supplied in the @Test annotation.">
      <![CDATA[org.testng.TestNGException: 
Method i_check_the_record_AccountId_as_AccountName_as_is_present_already_or_not requires 2 parameters but 0 were supplied in the @Test annotation.
	at org.testng.internal.Parameters.checkParameterTypes(Parameters.java:191)
	at org.testng.internal.Parameters.createParameters(Parameters.java:127)
	at org.testng.internal.Parameters.createParameters(Parameters.java:376)
	at org.testng.internal.Parameters.handleParameters(Parameters.java:451)
	at org.testng.internal.Invoker.handleParameters(Invoker.java:1274)
	at org.testng.internal.Invoker.createParameters(Invoker.java:989)
	at org.testng.internal.Invoker.invokeTestMethods(Invoker.java:1079)
	at org.testng.internal.TestMethodWorker.invokeTestMethods(TestMethodWorker.java:129)
	at org.testng.internal.TestMethodWorker.run(TestMethodWorker.java:112)
	at java.util.concurrent.ThreadPoolExecutor.runWorker(Unknown Source)
	at java.util.concurrent.ThreadPoolExecutor$Worker.run(Unknown Source)
	at java.lang.Thread.run(Unknown Source)
]]>
    </error>
  </testcase> <!-- i_check_the_record_AccountId_as_AccountName_as_is_present_already_or_not -->
</testsuite> <!-- step_definitions.AddMasterAccount -->
