<?xml version="1.0" encoding="UTF-8"?>
<!-- Generated by org.testng.reporters.JUnitReportReporter -->
<testsuite hostname="TRANTOR114" name="APIs.CreateMfgGateway" tests="1" failures="0" timestamp="8 Aug 2018 08:17:51 GMT" time="5.416" errors="0">
  <testcase name="GenerateGateway" time="5.416" classname="APIs.CreateMfgGateway"/>
</testsuite> <!-- APIs.CreateMfgGateway -->
